build/app/outputs/mapping/release/seeds.txt
com.example.second_project.MainActivity
com.example.second_project.MainActivity: MainActivity()
...
androidx.window.embedding.SplitPairFilter: java.lang.String secondaryActivityIntentAction
androidx.window.layout.WindowLayoutInfo: java.util.List displayFeatures
androidx.window.embedding.ActivityFilter: boolean matchesActivity(android.app.Activity)
io.flutter.plugin.platform.SingleViewPresentation: io.flutter.plugin.platform.SingleViewPresentation$PresentationState state
androidx.window.embedding.EmbeddingAdapter: boolean translateIntentPredicates$lambda-8(java.util.Set,android.content.Intent)
androidx.window.layout.DisplayCompatHelperApi28: int safeInsetTop(android.view.DisplayCutout)
androidx.window.layout.SidecarCompat$TranslatingCallback: androidx.window.layout.SidecarCompat this$0
androidx.window.embedding.SplitRule$LayoutDir
androidx.window.layout.SidecarCompat$DistinctSidecarElementCallback: java.util.WeakHashMap mActivityWindowLayoutInfo
androidx.window.layout.WindowInfoTracker$Companion: androidx.window.layout.WindowInfoTrackerDecorator decorator
io.flutter.embedding.engine.FlutterJNI: java.lang.String observatoryUri
io.flutter.plugin.editing.ImeSyncDeferringInsetsCallback: boolean access$302(io.flutter.plugin.editing.ImeSyncDeferringInsetsCallback,boolean)
androidx.window.embedding.EmbeddingCompat: androidx.window.extensions.embedding.ActivityEmbeddingComponent embeddingExtension
io.flutter.embedding.engine.systemchannels.TextInputChannel$TextCapitalization: io.flutter.embedding.engine.systemchannels.TextInputChannel$TextCapitalization[] values()
androidx.window.layout.WindowLayoutInfo
androidx.window.embedding.ActivityFilter: int hashCode()
androidx.window.embedding.EmbeddingAdapter: java.util.function.Predicate translateParentMetricsPredicate(androidx.window.embedding.SplitRule)
androidx.window.embedding.ExtensionEmbeddingBackend$Companion: boolean isExtensionVersionSupported(java.lang.Integer)
androidx.window.embedding.EmbeddingAdapter: java.util.function.Predicate translateActivityPredicates(java.util.Set)
androidx.window.core.Bounds: int getLeft()
androidx.window.layout.SidecarWindowBackend: void registerLayoutChangeCallback(android.app.Activity,java.util.concurrent.Executor,androidx.core.util.Consumer)
io.flutter.view.AccessibilityViewEmbedder: boolean requestSendAccessibilityEvent(android.view.View,android.view.View,android.view.accessibility.AccessibilityEvent)
androidx.window.embedding.ActivityRule: java.util.Set filters
kotlinx.coroutines.channels.Closed
androidx.window.layout.HardwareFoldingFeature: HardwareFoldingFeature(androidx.window.core.Bounds,androidx.window.layout.HardwareFoldingFeature$Type,androidx.window.layout.FoldingFeature$State)
kotlinx.coroutines.ChildHandleNode
androidx.window.embedding.ExtensionEmbeddingBackend: java.lang.String TAG
androidx.window.layout.WindowInfoTrackerImpl: int BUFFER_CAPACITY
androidx.window.layout.SidecarCompat$TranslatingCallback
androidx.window.layout.WindowMetrics: int hashCode()
androidx.window.layout.WindowMetrics: android.graphics.Rect getBounds()
io.flutter.view.FlutterCallbackInformation: FlutterCallbackInformation(java.lang.String,java.lang.String,java.lang.String)
androidx.window.embedding.EmbeddingCompat$Companion: EmbeddingCompat$Companion()
androidx.window.layout.WindowMetricsCalculator$Companion: androidx.window.layout.WindowMetricsCalculator getOrCreate()
io.flutter.embedding.engine.FlutterJNI: void setAsyncWaitForVsyncDelegate(io.flutter.embedding.engine.FlutterJNI$AsyncWaitForVsyncDelegate)
androidx.window.R$attr: int primaryActivityName
androidx.window.embedding.EmbeddingBackend: void unregisterRule(androidx.window.embedding.EmbeddingRule)
androidx.lifecycle.Lifecycle$Event: androidx.lifecycle.Lifecycle$Event ON_DESTROY
io.flutter.view.AccessibilityViewEmbedder: android.view.accessibility.AccessibilityNodeInfo getRootNode(android.view.View,int,android.graphics.Rect)
io.flutter.embedding.engine.FlutterJNI: void nativeSetSemanticsEnabled(long,boolean)
androidx.window.layout.WindowInfoTracker$Companion: void reset()