build/app/outputs/mapping/release/mapping.txt
# compiler: R8
# compiler_version: 2.1.62
# min_api: 16
# pg_map_id: a0adf48
# common_typos_disable
...
kotlin.jvm.functions.Function13 -> f.v.c.e:
kotlin.jvm.functions.Function14 -> f.v.c.f:
kotlin.jvm.functions.Function15 -> f.v.c.g:
kotlin.jvm.functions.Function16 -> f.v.c.h:
kotlin.jvm.functions.Function17 -> f.v.c.i:
kotlin.jvm.functions.Function18 -> f.v.c.j:
kotlin.jvm.functions.Function19 -> f.v.c.k:
kotlin.jvm.functions.Function2 -> f.v.c.p:
kotlin.jvm.functions.Function20 -> f.v.c.m:
kotlin.jvm.functions.Function21 -> f.v.c.n:
kotlin.jvm.functions.Function22 -> f.v.c.o:
kotlin.jvm.functions.Function3 -> f.v.c.q:
    java.lang.Object invoke(java.lang.Object,java.lang.Object,java.lang.Object) -> f
kotlin.jvm.functions.Function4 -> f.v.c.r:
kotlin.jvm.functions.Function5 -> f.v.c.s:
kotlin.jvm.functions.Function6 -> f.v.c.t:
kotlin.jvm.functions.Function7 -> f.v.c.u:
kotlin.jvm.functions.Function8 -> f.v.c.v:
kotlin.jvm.functions.Function9 -> f.v.c.w:
kotlin.jvm.internal.CallableReference -> f.v.d.a:
kotlin.jvm.internal.CallableReference$NoReceiver -> f.v.d.a$a:
    kotlin.jvm.internal.CallableReference$NoReceiver INSTANCE -> d
    kotlin.jvm.internal.CallableReference$NoReceiver access$000() -> a
kotlin.jvm.internal.ClassBasedDeclarationContainer -> f.v.d.b:
    java.lang.Class getJClass() -> b
kotlin.jvm.internal.ClassReference -> f.v.d.c:
    java.util.HashMap classFqNames -> h
    kotlin.jvm.internal.ClassReference$Companion Companion -> j
    java.util.HashMap primitiveWrapperFqNames -> g
    java.util.Map simpleNames -> i
    java.util.Map FUNCTION_CLASSES -> e
    java.util.HashMap primitiveFqNames -> f
    java.lang.Class jClass -> d
    java.lang.String getSimpleName() -> a
    java.lang.Class getJClass() -> b
    java.util.Map access$getSimpleNames$cp() -> c
kotlin.jvm.internal.ClassReference$Companion -> f.v.d.c$a:
    java.lang.String getClassSimpleName(java.lang.Class) -> a
kotlin.jvm.internal.CollectionToArray -> f.v.d.d:
    java.lang.Object[] EMPTY -> a
    java.lang.Object[] toArray(java.util.Collection) -> a
    java.lang.Object[] toArray(java.util.Collection,java.lang.Object[]) -> b
kotlin.jvm.internal.DefaultConstructorMarker -> f.v.d.e:
kotlin.jvm.internal.FunctionBase -> f.v.d.f:
kotlin.jvm.internal.FunctionReference -> f.v.d.g:
kotlin.jvm.internal.FunctionReferenceImpl -> f.v.d.h:
kotlin.jvm.internal.Intrinsics -> f.v.d.i:
    boolean areEqual(java.lang.Object,java.lang.Object) -> a
    void checkNotNull(java.lang.Object) -> b
    void checkNotNullExpressionValue(java.lang.Object,java.lang.String) -> c
    void checkNotNullParameter(java.lang.Object,java.lang.String) -> d
    int compare(int,int) -> e
    java.lang.String createParameterIsNullExceptionMessage(java.lang.String) -> f
    java.lang.Throwable sanitizeStackTrace(java.lang.Throwable) -> g
    java.lang.Throwable sanitizeStackTrace(java.lang.Throwable,java.lang.String) -> h
    java.lang.String stringPlus(java.lang.String,java.lang.Object) -> i
    void throwJavaNpe() -> j
    void throwParameterIsNullNPE(java.lang.String) -> k
    void throwUninitializedProperty(java.lang.String) -> l
    void throwUninitializedPropertyAccessException(java.lang.String) -> m
kotlin.jvm.internal.Lambda -> f.v.d.j:
kotlin.jvm.internal.PackageReference -> f.v.d.k:
    java.lang.Class jClass -> d
    java.lang.Class getJClass() -> b
kotlin.jvm.internal.Reflection -> f.v.d.l:
    kotlin.reflect.KClass[] EMPTY_K_CLASS_ARRAY -> b
    kotlin.jvm.internal.ReflectionFactory factory -> a
    kotlin.reflect.KFunction function(kotlin.jvm.internal.FunctionReference) -> a
    kotlin.reflect.KClass getOrCreateKotlinClass(java.lang.Class) -> b
    kotlin.reflect.KDeclarationContainer getOrCreateKotlinPackage(java.lang.Class) -> c
    java.lang.String renderLambdaToString(kotlin.jvm.internal.FunctionBase) -> d
    java.lang.String renderLambdaToString(kotlin.jvm.internal.Lambda) -> e