build/app/outputs/mapping/release/usage.txt
com.example.second_project.R$string
com.example.second_project.BuildConfig
com.example.second_project.R$color
com.example.second_project.R$mipmap
com.example.second_project.R$dimen
com.example.second_project.R$style
com.example.second_project.R$integer
com.example.second_project.R$drawable
com.example.second_project.R$styleable
com.example.second_project.R$layout
com.example.second_project.R$id
com.example.second_project.R
com.example.second_project.R$attr
...
kotlin.reflect.KProperty1
androidx.fragment.app.FragmentTransition$FragmentContainerTransition
androidx.core.app.NotificationCompat$BigPictureStyle$Api23Impl
kotlin.sequences.SequencesKt___SequencesKt$elementAt$1
kotlinx.coroutines.flow.ReadonlyStateFlow
kotlin.collections.MapsKt___MapsKt:
    private static final java.lang.Object firstNotNullOf(java.util.Map,kotlin.jvm.functions.Function1)
    private static final java.lang.Object firstNotNullOfOrNull(java.util.Map,kotlin.jvm.functions.Function1)
    public static final java.util.List toList(java.util.Map)
    public static final java.util.List flatMap(java.util.Map,kotlin.jvm.functions.Function1)
    public static final java.util.List flatMapSequence(java.util.Map,kotlin.jvm.functions.Function1)
    public static final java.util.Collection flatMapTo(java.util.Map,java.util.Collection,kotlin.jvm.functions.Function1)
    public static final java.util.Collection flatMapSequenceTo(java.util.Map,java.util.Collection,kotlin.jvm.functions.Function1)
    public static final java.util.List map(java.util.Map,kotlin.jvm.functions.Function1)
    public static final java.util.List mapNotNull(java.util.Map,kotlin.jvm.functions.Function1)
    public static final java.util.Collection mapNotNullTo(java.util.Map,java.util.Collection,kotlin.jvm.functions.Function1)
    public static final java.util.Collection mapTo(java.util.Map,java.util.Collection,kotlin.jvm.functions.Function1)
    public static final boolean all(java.util.Map,kotlin.jvm.functions.Function1)
    public static final boolean any(java.util.Map)
    public static final boolean any(java.util.Map,kotlin.jvm.functions.Function1)
    private static final int count(java.util.Map)
androidx.viewpager.widget.ViewPager$OnPageChangeListener
kotlinx.coroutines.channels.AbstractSendChannel:
    private final boolean isFullImpl()
    private final java.lang.Throwable helpCloseAndGetSendException(java.lang.Object,kotlinx.coroutines.channels.Closed)
    private final java.lang.Object sendSuspend(java.lang.Object,kotlin.coroutines.Continuation)
    private final void helpCloseAndResumeWithSendException(kotlin.coroutines.Continuation,java.lang.Object,kotlinx.coroutines.channels.Closed)
    private final void invokeOnCloseHandler(java.lang.Throwable)
    private final void registerSelectSend(kotlinx.coroutines.selects.SelectInstance,java.lang.Object,kotlin.jvm.functions.Function2)
    public static final synthetic java.lang.Object access$sendSuspend(kotlinx.coroutines.channels.AbstractSendChannel,java.lang.Object,kotlin.coroutines.Continuation)
    public static final synthetic void access$registerSelectSend(kotlinx.coroutines.channels.AbstractSendChannel,kotlinx.coroutines.selects.SelectInstance,java.lang.Object,kotlin.jvm.functions.Function2)
    public static final synthetic boolean access$isFullImpl(kotlinx.coroutines.channels.AbstractSendChannel)
    public static final synthetic void access$helpCloseAndResumeWithSendException(kotlinx.coroutines.channels.AbstractSendChannel,kotlin.coroutines.Continuation,java.lang.Object,kotlinx.coroutines.channels.Closed)
    protected abstract boolean isBufferAlwaysFull()
    protected abstract boolean isBufferFull()
androidx.core.location.LocationCompat$Api18Impl
kotlinx.coroutines.JobSupportKt:
    public static final java.lang.Object unboxState(java.lang.Object)
    private static synthetic void getCOMPLETING_ALREADY$annotations()
    public static synthetic void getCOMPLETING_WAITING_CHILDREN$annotations()
    private static synthetic void getCOMPLETING_RETRY$annotations()
    private static synthetic void getTOO_LATE_TO_CANCEL$annotations()
    private static synthetic void getSEALED$annotations()
    private static synthetic void getEMPTY_NEW$annotations()
    private static synthetic void getEMPTY_ACTIVE$annotations()
    private static final int RETRY
    private static final int FALSE
    private static final int TRUE
kotlin.sequences.IndexingSequence$iterator$1